<?xml version="1.0" encoding="UTF-8"?>
<testsuite xmlns:xsi="http://www.w3.org/2001/XMLSchema-instance" xsi:noNamespaceSchemaLocation="https://maven.apache.org/surefire/maven-surefire-plugin/xsd/surefire-test-report-3.0.xsd" version="3.0" name="homePageTest.TestHomePage" time="3.777" tests="5" errors="0" skipped="3" failures="2">
  <properties>
[...]
</properties>
  <testcase name="setUp" classname="homePageTest.TestHomePage" time="2.229">
    <failure message="The path to the driver executable must be set by the webdriver.chrome.driver system property; for more information, see https://github.com/SeleniumHQ/selenium/wiki/ChromeDriver. The latest version can be downloaded from http://chromedriver.storage.googleapis.com/index.html" type="java.lang.IllegalStateException"><![CDATA[java.lang.IllegalStateException: The path to the driver executable must be set by the webdriver.chrome.driver system property; for more information, see https://github.com/SeleniumHQ/selenium/wiki/ChromeDriver. The latest version can be downloaded from http://chromedriver.storage.googleapis.com/index.html
]]></failure>
    <system-out><![CDATA[Extent Report DirectoryC:\Users\mokraoui\IdeaProjects\AutomationFramework_Team2\Aetna\target\surefire-reports\html
]]></system-out>
    <system-err><![CDATA[Jun 07, 2020 10:40:00 PM com.relevantcodes.extentreports.ExtentReports loadConfig
WARNING: Unable to perform report configuration. The file C:\Users\mokraoui\IdeaProjects\AutomationFramework_Team2\Aetna\report-config.xml was not found.
]]></system-err>
  </testcase>
  <testcase name="startExtent" classname="homePageTest.TestHomePage" time="0">
    <skipped/>
  </testcase>
  <testcase name="testClickLogin" classname="homePageTest.TestHomePage" time="0">
    <skipped message="The path to the driver executable must be set by the webdriver.chrome.driver system property; for more information, see https://github.com/SeleniumHQ/selenium/wiki/ChromeDriver. The latest version can be downloaded from http://chromedriver.storage.googleapis.com/index.html"/>
  </testcase>
  <testcase name="afterEachTestMethod" classname="homePageTest.TestHomePage" time="0">
    <skipped/>
  </testcase>
  <testcase name="cleanUp" classname="homePageTest.TestHomePage" time="0.013">
    <failure type="java.lang.NullPointerException"><![CDATA[java.lang.NullPointerException
]]></failure>
  </testcase>
</testsuite>