<?xml version="1.0" encoding="UTF-8"?>
<testng-results ignored="0" total="1" passed="1" failed="0" skipped="0">
  <reporter-output>
    <line>
      <![CDATA[Extent Report DirectoryC:\Users\fsidi\IdeaProjects\Bddclone\AutomationFramework_Team2\Aetna\target\surefire-reports\html]]>
    </line>
  </reporter-output>
  <suite started-at="2020-06-09T14:17:52 EDT" name="Surefire suite" finished-at="2020-06-09T14:17:59 EDT" duration-ms="7539">
    <groups>
    </groups>
    <test started-at="2020-06-09T14:17:52 EDT" name="Surefire test" finished-at="2020-06-09T14:17:59 EDT" duration-ms="7539">
      <class name="homePageTest.TestHomePage">
        <test-method is-config="true" signature="extentSetup(org.testng.ITestContext)[pri:0, instance:homePageTest.TestHomePage@4c309d4d]" started-at="2020-06-09T14:17:51 EDT" name="extentSetup" finished-at="2020-06-09T14:17:52 EDT" duration-ms="239" status="PASS">
          <params>
            <param index="0">
              <value>
                <![CDATA[org.testng.TestRunner@5cf8edcf]]>
              </value>
            </param>
          </params>
          <reporter-output>
            <line>
              <![CDATA[Extent Report DirectoryC:\Users\fsidi\IdeaProjects\Bddclone\AutomationFramework_Team2\Aetna\target\surefire-reports\html]]>
            </line>
          </reporter-output>
        </test-method> <!-- extentSetup -->
        <test-method is-config="true" signature="setUp(boolean, java.lang.String, java.lang.String, java.lang.String, java.lang.String, java.lang.String, java.lang.String)[pri:0, instance:homePageTest.TestHomePage@4c309d4d]" started-at="2020-06-09T14:17:52 EDT" name="setUp" finished-at="2020-06-09T14:17:58 EDT" duration-ms="6252" status="PASS">
          <params>
            <param index="0">
              <value>
                <![CDATA[false]]>
              </value>
            </param>
            <param index="1">
              <value>
                <![CDATA[false]]>
              </value>
            </param>
            <param index="2">
              <value>
                <![CDATA[os]]>
              </value>
            </param>
            <param index="3">
              <value>
                <![CDATA[X]]>
              </value>
            </param>
            <param index="4">
              <value>
                <![CDATA[chrome-options]]>
              </value>
            </param>
            <param index="5">
              <value>
                <![CDATA[83]]>
              </value>
            </param>
            <param index="6">
              <value>
                <![CDATA[https://www.google.com]]>
              </value>
            </param>
          </params>
          <reporter-output>
          </reporter-output>
        </test-method> <!-- setUp -->
        <test-method is-config="true" signature="startExtent(java.lang.reflect.Method)[pri:0, instance:homePageTest.TestHomePage@4c309d4d]" started-at="2020-06-09T14:17:58 EDT" name="startExtent" finished-at="2020-06-09T14:17:58 EDT" duration-ms="0" status="PASS">
          <params>
            <param index="0">
              <value>
                <![CDATA[public void homePageTest.TestHomePage.testClickLogin()]]>
              </value>
            </param>
          </params>
          <reporter-output>
          </reporter-output>
        </test-method> <!-- startExtent -->
        <test-method is-config="true" signature="afterEachTestMethod(org.testng.ITestResult)[pri:0, instance:homePageTest.TestHomePage@4c309d4d]" started-at="2020-06-09T14:17:58 EDT" name="afterEachTestMethod" finished-at="2020-06-09T14:17:59 EDT" duration-ms="1266" status="PASS">
          <params>
            <param index="0">
              <value>
                <![CDATA[[TestResult name=testClickLogin status=SUCCESS method=TestHomePage.testClickLogin()[pri:0, instance:homePageTest.TestHomePage@4c309d4d] output={null}]]]>
              </value>
            </param>
          </params>
          <reporter-output>
          </reporter-output>
        </test-method> <!-- afterEachTestMethod -->
        <test-method signature="testClickLogin()[pri:0, instance:homePageTest.TestHomePage@4c309d4d]" started-at="2020-06-09T14:17:58 EDT" name="testClickLogin" finished-at="2020-06-09T14:17:58 EDT" duration-ms="0" status="PASS">
          <reporter-output>
          </reporter-output>
        </test-method> <!-- testClickLogin -->
        <test-method is-config="true" signature="cleanUp()[pri:0, instance:homePageTest.TestHomePage@4c309d4d]" started-at="2020-06-09T14:17:59 EDT" name="cleanUp" finished-at="2020-06-09T14:17:59 EDT" duration-ms="1" status="PASS">
          <reporter-output>
          </reporter-output>
        </test-method> <!-- cleanUp -->
        <test-method is-config="true" signature="generateReport()[pri:0, instance:homePageTest.TestHomePage@4c309d4d]" started-at="2020-06-09T14:17:59 EDT" name="generateReport" finished-at="2020-06-09T14:17:59 EDT" duration-ms="45" status="PASS">
          <reporter-output>
          </reporter-output>
        </test-method> <!-- generateReport -->
      </class> <!-- homePageTest.TestHomePage -->
    </test> <!-- Surefire test -->
  </suite> <!-- Surefire suite -->
</testng-results>
